#
# There is insufficient memory for the Java Runtime Environment to continue.
# Native memory allocation (mmap) failed to map 132120576 bytes for G1 virtual space
# Possible reasons:
#   The system is out of physical RAM or swap space
#   The process is running with CompressedOops enabled, and the Java Heap may be blocking the growth of the native heap
# Possible solutions:
#   Reduce memory load on the system
#   Increase physical memory or swap space
#   Check if swap backing store is full
#   Decrease Java heap size (-Xmx/-Xms)
#   Decrease number of Java threads
#   Decrease Java thread stack sizes (-Xss)
#   Set larger code cache with -XX:ReservedCodeCacheSize=
#   JVM is running with Unscaled Compressed Oops mode in which the Java heap is
#     placed in the first 4GB address space. The Java Heap base address is the
#     maximum limit for the native heap growth. Please use -XX:HeapBaseMinAddress
#     to set the Java Heap base and to place the Java Heap above 4GB virtual address.
# This output file may be truncated or incomplete.
#
#  Out of Memory Error (os_windows.cpp:3550), pid=67720, tid=67788
#
# JRE version:  (17.0.7+8) (build )
# Java VM: Java HotSpot(TM) 64-Bit Server VM (17.0.7+8-LTS-224, mixed mode, sharing, tiered, compressed oops, compressed class ptrs, g1 gc, windows-amd64)
# No core dump will be written. Minidumps are not enabled by default on client versions of Windows
#

---------------  S U M M A R Y ------------

Command Line: -Dnet.bytebuddy.agent.attacher.dump= net.bytebuddy.agent.Attacher com.sun.tools.attach.VirtualMachine 62828 C:\Users\SDD-USER\.m2\repository\net\bytebuddy\byte-buddy-agent\1.14.4\byte-buddy-agent-1.14.4.jar false 

Host: 11th Gen Intel(R) Core(TM) i5-1135G7 @ 2.40GHz, 8 cores, 7G,  Windows 10 , 64 bit Build 19041 (10.0.19041.2913)
Time: Fri May 26 13:41:47 2023 SE Asia Standard Time elapsed time: 0.024532 seconds (0d 0h 0m 0s)

---------------  T H R E A D  ---------------

Current thread (0x000001f4381cb9b0):  JavaThread "Unknown thread" [_thread_in_vm, id=67788, stack(0x0000002e49200000,0x0000002e49300000)]

Stack: [0x0000002e49200000,0x0000002e49300000]
Native frames: (J=compiled Java code, j=interpreted, Vv=VM code, C=native code)
V  [jvm.dll+0x676a4a]
V  [jvm.dll+0x7d74f4]
V  [jvm.dll+0x7d8c9e]
V  [jvm.dll+0x7d9303]
V  [jvm.dll+0x2452c5]
V  [jvm.dll+0x6738f9]
V  [jvm.dll+0x668232]
V  [jvm.dll+0x302826]
V  [jvm.dll+0x309da6]
V  [jvm.dll+0x35952e]
V  [jvm.dll+0x35975f]
V  [jvm.dll+0x2d9a38]
V  [jvm.dll+0x2da9a4]
V  [jvm.dll+0x7a8fb1]
V  [jvm.dll+0x3670e1]
V  [jvm.dll+0x788359]
V  [jvm.dll+0x3ea5ef]
V  [jvm.dll+0x3ec071]
C  [jli.dll+0x5297]
C  [ucrtbase.dll+0x21bb2]
C  [KERNEL32.DLL+0x17614]
C  [ntdll.dll+0x526a1]


---------------  P R O C E S S  ---------------

Threads class SMR info:
_java_thread_list=0x00007fff249f4998, length=0, elements={
}

Java Threads: ( => current thread )

Other Threads:
  0x000001f438226a50 GCTaskThread "GC Thread#0" [stack: 0x0000002e49300000,0x0000002e49400000] [id=67792]
  0x000001f438237350 ConcurrentGCThread "G1 Main Marker" [stack: 0x0000002e49400000,0x0000002e49500000] [id=67796]
  0x000001f438238d70 ConcurrentGCThread "G1 Conc#0" [stack: 0x0000002e49500000,0x0000002e49600000] [id=67800]

[error occurred during error reporting (printing all threads), id 0xc0000005, EXCEPTION_ACCESS_VIOLATION (0xc0000005) at pc=0x00007fff2422a697]

VM state: not at safepoint (not fully initialized)

VM Mutex/Monitor currently owned by a thread:  ([mutex/lock_event])
[0x000001f4381c6a50] Heap_lock - owner thread: 0x000001f4381cb9b0

Heap address: 0x0000000083200000, size: 1998 MB, Compressed Oops mode: 32-bit

CDS archive(s) mapped at: [0x0000000000000000-0x0000000000000000-0x0000000000000000), size 0, SharedBaseAddress: 0x0000000800000000, ArchiveRelocationMode: 0.
Narrow klass base: 0x0000000000000000, Narrow klass shift: 0, Narrow klass range: 0x0

GC Precious Log:
<Empty>

Heap:
 garbage-first heap   total 0K, used 0K [0x0000000083200000, 0x0000000100000000)
  region size 1024K, 0 young (0K), 0 survivors (0K)

[error occurred during error reporting (printing heap information), id 0xc0000005, EXCEPTION_ACCESS_VIOLATION (0xc0000005) at pc=0x00007fff246100b9]

GC Heap History (0 events):
No events

Deoptimization events (0 events):
No events

Classes unloaded (0 events):
No events

Classes redefined (0 events):
No events

Internal exceptions (0 events):
No events

VM Operations (0 events):
No events

Events (1 events):
Event: 0.013 Loaded shared library C:\Program Files\Java\jdk-17\bin\java.dll


Dynamic libraries:
0x00007ff7b6d40000 - 0x00007ff7b6d50000 	C:\Program Files\Java\jdk-17\bin\java.exe
0x00007fffadbd0000 - 0x00007fffaddc8000 	C:\Windows\SYSTEM32\ntdll.dll
0x00007fffad320000 - 0x00007fffad3df000 	C:\Windows\System32\KERNEL32.DLL
0x00007fffab350000 - 0x00007fffab646000 	C:\Windows\System32\KERNELBASE.dll
0x00007fffaba10000 - 0x00007fffabb10000 	C:\Windows\System32\ucrtbase.dll
0x00007fff6d020000 - 0x00007fff6d03b000 	C:\Program Files\Java\jdk-17\bin\VCRUNTIME140.dll
0x00007fff6d220000 - 0x00007fff6d239000 	C:\Program Files\Java\jdk-17\bin\jli.dll
0x00007fffabc80000 - 0x00007fffabd2f000 	C:\Windows\System32\ADVAPI32.dll
0x00007fffad9b0000 - 0x00007fffada4e000 	C:\Windows\System32\msvcrt.dll
0x00007fffad890000 - 0x00007fffad92c000 	C:\Windows\System32\sechost.dll
0x00007fffada50000 - 0x00007fffadb76000 	C:\Windows\System32\RPCRT4.dll
0x00007fffaceb0000 - 0x00007fffad04d000 	C:\Windows\System32\USER32.dll
0x00007fffab930000 - 0x00007fffab952000 	C:\Windows\System32\win32u.dll
0x00007fff93cb0000 - 0x00007fff93f4a000 	C:\Windows\WinSxS\amd64_microsoft.windows.common-controls_6595b64144ccf1df_6.0.19041.1110_none_60b5254171f9507e\COMCTL32.dll
0x00007fffabc50000 - 0x00007fffabc7c000 	C:\Windows\System32\GDI32.dll
0x00007fffabb10000 - 0x00007fffabc25000 	C:\Windows\System32\gdi32full.dll
0x00007fffab7b0000 - 0x00007fffab84d000 	C:\Windows\System32\msvcp_win.dll
0x00007fff9c090000 - 0x00007fff9c09a000 	C:\Windows\SYSTEM32\VERSION.dll
0x00007fffacda0000 - 0x00007fffacdd0000 	C:\Windows\System32\IMM32.DLL
0x00007fff920d0000 - 0x00007fff920dc000 	C:\Program Files\Java\jdk-17\bin\vcruntime140_1.dll
0x00007fff5cca0000 - 0x00007fff5cd2e000 	C:\Program Files\Java\jdk-17\bin\msvcp140.dll
0x00007fff23f40000 - 0x00007fff24b1d000 	C:\Program Files\Java\jdk-17\bin\server\jvm.dll
0x00007fffac580000 - 0x00007fffac588000 	C:\Windows\System32\PSAPI.DLL
0x00007fff8e110000 - 0x00007fff8e119000 	C:\Windows\SYSTEM32\WSOCK32.dll
0x00007fffad3e0000 - 0x00007fffad44b000 	C:\Windows\System32\WS2_32.dll
0x00007fff9e6b0000 - 0x00007fff9e6d7000 	C:\Windows\SYSTEM32\WINMM.dll
0x00007fffa9ac0000 - 0x00007fffa9ad2000 	C:\Windows\SYSTEM32\kernel.appcore.dll
0x00007fff8c080000 - 0x00007fff8c08a000 	C:\Program Files\Java\jdk-17\bin\jimage.dll
0x00007fffa8b30000 - 0x00007fffa8d14000 	C:\Windows\SYSTEM32\DBGHELP.DLL
0x00007fff9f3e0000 - 0x00007fff9f414000 	C:\Windows\SYSTEM32\dbgcore.DLL
0x00007fffab8a0000 - 0x00007fffab922000 	C:\Windows\System32\bcryptPrimitives.dll
0x00007fff69be0000 - 0x00007fff69c05000 	C:\Program Files\Java\jdk-17\bin\java.dll

dbghelp: loaded successfully - version: 4.0.5 - missing functions: none
symbol engine: initialized successfully - sym options: 0x614 - pdb path: .;C:\Program Files\Java\jdk-17\bin;C:\Windows\SYSTEM32;C:\Windows\WinSxS\amd64_microsoft.windows.common-controls_6595b64144ccf1df_6.0.19041.1110_none_60b5254171f9507e;C:\Program Files\Java\jdk-17\bin\server

VM Arguments:
jvm_args: -Dnet.bytebuddy.agent.attacher.dump= 
java_command: net.bytebuddy.agent.Attacher com.sun.tools.attach.VirtualMachine 62828 C:\Users\SDD-USER\.m2\repository\net\bytebuddy\byte-buddy-agent\1.14.4\byte-buddy-agent-1.14.4.jar false 
java_class_path (initial): C:\Users\SDD-USER\.m2\repository\net\bytebuddy\byte-buddy-agent\1.14.4\byte-buddy-agent-1.14.4.jar
Launcher Type: SUN_STANDARD

[Global flags]
     intx CICompilerCount                          = 4                                         {product} {ergonomic}
     uint ConcGCThreads                            = 2                                         {product} {ergonomic}
     uint G1ConcRefinementThreads                  = 8                                         {product} {ergonomic}
   size_t G1HeapRegionSize                         = 1048576                                   {product} {ergonomic}
    uintx GCDrainStackTargetSize                   = 64                                        {product} {ergonomic}
   size_t InitialHeapSize                          = 132120576                                 {product} {ergonomic}
   size_t MarkStackSize                            = 4194304                                   {product} {ergonomic}
   size_t MaxHeapSize                              = 2095054848                                {product} {ergonomic}
   size_t MinHeapDeltaBytes                        = 1048576                                   {product} {ergonomic}
   size_t MinHeapSize                              = 8388608                                   {product} {ergonomic}
    uintx NonNMethodCodeHeapSize                   = 5839372                                {pd product} {ergonomic}
    uintx NonProfiledCodeHeapSize                  = 122909434                              {pd product} {ergonomic}
    uintx ProfiledCodeHeapSize                     = 122909434                              {pd product} {ergonomic}
    uintx ReservedCodeCacheSize                    = 251658240                              {pd product} {ergonomic}
     bool SegmentedCodeCache                       = true                                      {product} {ergonomic}
   size_t SoftMaxHeapSize                          = 2095054848                             {manageable} {ergonomic}
     bool UseCompressedClassPointers               = true                           {product lp64_product} {ergonomic}
     bool UseCompressedOops                        = true                           {product lp64_product} {ergonomic}
     bool UseG1GC                                  = true                                      {product} {ergonomic}
     bool UseLargePagesIndividualAllocation        = false                                  {pd product} {ergonomic}

Logging:
Log output configuration:
 #0: stdout all=warning uptime,level,tags
 #1: stderr all=off uptime,level,tags

Environment Variables:
JAVA_HOME=C:\Program Files\Java\jdk-17
PATH=C:\Program Files\Common Files\Oracle\Java\javapath;C:\Windows\system32;C:\Windows;C:\Windows\System32\Wbem;C:\Windows\System32\WindowsPowerShell\v1.0\;C:\Windows\System32\OpenSSH\;C:\Program Files\TortoiseSVN\bin;C:\Program Files\Git\cmd;C:\Program Files\Git\bin\git.exe;C:\Program Files\Docker\Docker\resources\bin;C:\MAVEN-BIN\apache-maven-3.9.2\bin;C:\Program Files\NVIDIA Corporation\NVIDIA NvDLISR;C:\Program Files\PuTTY\;C:\xampp\php;C:\Program Files\MySQL\MySQL Server 8.0;C:\Users\SDD-USER\AppData\Local\Microsoft\WindowsApps;C:\Users\ASUS\AppData\Local\Android\Sdk;C:\Tools\flutter\bin;C:\Users\SDD-USER\AppData\Local\Programs\Microsoft VS Code\bin;C:\Program Files\Git\bin\git.exe;
USERNAME=SDD-USER
OS=Windows_NT
PROCESSOR_IDENTIFIER=Intel64 Family 6 Model 140 Stepping 1, GenuineIntel



---------------  S Y S T E M  ---------------

OS:
 Windows 10 , 64 bit Build 19041 (10.0.19041.2913)
OS uptime: 2 days 0:33 hours
Hyper-V role detected

CPU: total 8 (initial active 8) (4 cores per cpu, 2 threads per core) family 6 model 140 stepping 1 microcode 0x8a, cx8, cmov, fxsr, ht, mmx, 3dnowpref, sse, sse2, sse3, ssse3, sse4.1, sse4.2, popcnt, lzcnt, tsc, tscinvbit, avx, avx2, aes, erms, clmul, bmi1, bmi2, adx, avx512f, avx512dq, avx512cd, avx512bw, avx512vl, sha, fma, vzeroupper, avx512_vpopcntdq, avx512_vpclmulqdq, avx512_vaes, avx512_vnni, clflush, clflushopt, clwb, avx512_vbmi2, avx512_vbmi, hv

Memory: 4k page, system-wide physical 7991M (80M free)
TotalPageFile size 32567M (AvailPageFile size 5M)
current process WorkingSet (physical memory assigned to process): 10M, peak: 10M
current process commit charge ("private bytes"): 60M, peak: 186M

vm_info: Java HotSpot(TM) 64-Bit Server VM (17.0.7+8-LTS-224) for windows-amd64 JRE (17.0.7+8-LTS-224), built on Feb 28 2023 23:03:02 by "mach5one" with MS VC++ 17.1 (VS2022)

END.
