#
# There is insufficient memory for the Java Runtime Environment to continue.
# Native memory allocation (malloc) failed to allocate 1588768 bytes for Chunk::new
# Possible reasons:
#   The system is out of physical RAM or swap space
#   The process is running with CompressedOops enabled, and the Java Heap may be blocking the growth of the native heap
# Possible solutions:
#   Reduce memory load on the system
#   Increase physical memory or swap space
#   Check if swap backing store is full
#   Decrease Java heap size (-Xmx/-Xms)
#   Decrease number of Java threads
#   Decrease Java thread stack sizes (-Xss)
#   Set larger code cache with -XX:ReservedCodeCacheSize=
#   JVM is running with Unscaled Compressed Oops mode in which the Java heap is
#     placed in the first 4GB address space. The Java Heap base address is the
#     maximum limit for the native heap growth. Please use -XX:HeapBaseMinAddress
#     to set the Java Heap base and to place the Java Heap above 4GB virtual address.
# This output file may be truncated or incomplete.
#
#  Out of Memory Error (arena.cpp:189), pid=62828, tid=62500
#
# JRE version: Java(TM) SE Runtime Environment (17.0.7+8) (build 17.0.7+8-LTS-224)
# Java VM: Java HotSpot(TM) 64-Bit Server VM (17.0.7+8-LTS-224, mixed mode, sharing, tiered, compressed oops, compressed class ptrs, g1 gc, windows-amd64)
# No core dump will be written. Minidumps are not enabled by default on client versions of Windows
#

---------------  S U M M A R Y ------------

Command Line: C:\Users\SDD-USER\AppData\Local\Temp\surefire17313020134830734684\surefirebooter-20230526134139007_3.jar C:\Users\SDD-USER\AppData\Local\Temp\surefire17313020134830734684 2023-05-26T13-41-38_809-jvmRun1 surefire-20230526134139007_1tmp surefire_0-20230526134139007_2tmp

Host: 11th Gen Intel(R) Core(TM) i5-1135G7 @ 2.40GHz, 8 cores, 7G,  Windows 10 , 64 bit Build 19041 (10.0.19041.2913)
Time: Fri May 26 13:41:47 2023 SE Asia Standard Time elapsed time: 7.824754 seconds (0d 0h 0m 7s)

---------------  T H R E A D  ---------------

Current thread (0x000001edb6f5fbe0):  JavaThread "C2 CompilerThread0" daemon [_thread_in_native, id=62500, stack(0x00000024bef00000,0x00000024bf000000)]


Current CompileTask:
C2:   7824 4424       4       java.lang.Class::getMethodsRecursive (99 bytes)

Stack: [0x00000024bef00000,0x00000024bf000000]
Native frames: (J=compiled Java code, j=interpreted, Vv=VM code, C=native code)
V  [jvm.dll+0x676a4a]
V  [jvm.dll+0x7d74f4]
V  [jvm.dll+0x7d8c9e]
V  [jvm.dll+0x7d9303]
V  [jvm.dll+0x2452c5]
V  [jvm.dll+0xaaa2b]
V  [jvm.dll+0xaafcc]
V  [jvm.dll+0x36141e]
V  [jvm.dll+0x32bba1]
V  [jvm.dll+0x32b03a]
V  [jvm.dll+0x217acf]
V  [jvm.dll+0x216f01]
V  [jvm.dll+0x1a35e0]
V  [jvm.dll+0x226a6e]
V  [jvm.dll+0x224e15]
V  [jvm.dll+0x78d05c]
V  [jvm.dll+0x78759a]
V  [jvm.dll+0x675875]
C  [ucrtbase.dll+0x21bb2]
C  [KERNEL32.DLL+0x17614]
C  [ntdll.dll+0x526a1]


---------------  P R O C E S S  ---------------

Threads class SMR info:
_java_thread_list=0x000001edb9224630, length=17, elements={
0x000001ed98f0e690, 0x000001edb6f423e0, 0x000001edb6f42ea0, 0x000001edb6f591e0,
0x000001edb6f59ca0, 0x000001edb6f5e680, 0x000001edb6f5ef40, 0x000001edb6f5fbe0,
0x000001edb6f63a90, 0x000001edb6f6c3a0, 0x000001edb79f2710, 0x000001edb79f7290,
0x000001edb7cf76c0, 0x000001edb7b0a4b0, 0x000001edba5a2010, 0x000001edba9a8870,
0x000001edbb1da820
}

Java Threads: ( => current thread )
  0x000001ed98f0e690 JavaThread "main" [_thread_in_native, id=65872, stack(0x00000024be200000,0x00000024be300000)]
  0x000001edb6f423e0 JavaThread "Reference Handler" daemon [_thread_blocked, id=53772, stack(0x00000024be900000,0x00000024bea00000)]
  0x000001edb6f42ea0 JavaThread "Finalizer" daemon [_thread_blocked, id=61424, stack(0x00000024bea00000,0x00000024beb00000)]
  0x000001edb6f591e0 JavaThread "Signal Dispatcher" daemon [_thread_blocked, id=62628, stack(0x00000024beb00000,0x00000024bec00000)]
  0x000001edb6f59ca0 JavaThread "Attach Listener" daemon [_thread_blocked, id=66076, stack(0x00000024bec00000,0x00000024bed00000)]
  0x000001edb6f5e680 JavaThread "Service Thread" daemon [_thread_blocked, id=61812, stack(0x00000024bed00000,0x00000024bee00000)]
  0x000001edb6f5ef40 JavaThread "Monitor Deflation Thread" daemon [_thread_blocked, id=67408, stack(0x00000024bee00000,0x00000024bef00000)]
=>0x000001edb6f5fbe0 JavaThread "C2 CompilerThread0" daemon [_thread_in_native, id=62500, stack(0x00000024bef00000,0x00000024bf000000)]
  0x000001edb6f63a90 JavaThread "C1 CompilerThread0" daemon [_thread_blocked, id=65752, stack(0x00000024bf000000,0x00000024bf100000)]
  0x000001edb6f6c3a0 JavaThread "Sweeper thread" daemon [_thread_blocked, id=62972, stack(0x00000024bf100000,0x00000024bf200000)]
  0x000001edb79f2710 JavaThread "Notification Thread" daemon [_thread_blocked, id=64568, stack(0x00000024bf200000,0x00000024bf300000)]
  0x000001edb79f7290 JavaThread "Common-Cleaner" daemon [_thread_blocked, id=56060, stack(0x00000024bf400000,0x00000024bf500000)]
  0x000001edb7cf76c0 JavaThread "surefire-forkedjvm-stream-flusher" daemon [_thread_blocked, id=48980, stack(0x00000024bf500000,0x00000024bf600000)]
  0x000001edb7b0a4b0 JavaThread "surefire-forkedjvm-command-thread" daemon [_thread_in_native, id=64356, stack(0x00000024bf600000,0x00000024bf700000)]
  0x000001edba5a2010 JavaThread "mysql-cj-abandoned-connection-cleanup" daemon [_thread_blocked, id=67612, stack(0x00000024bff00000,0x00000024c0000000)]
  0x000001edba9a8870 JavaThread "HikariPool-1 housekeeper" daemon [_thread_blocked, id=67644, stack(0x00000024c0200000,0x00000024c0300000)]
  0x000001edbb1da820 JavaThread "HikariPool-1 connection adder" daemon [_thread_blocked, id=67648, stack(0x00000024c0300000,0x00000024c0400000)]

Other Threads:
  0x000001edb6f3ba20 VMThread "VM Thread" [stack: 0x00000024be800000,0x00000024be900000] [id=63964]
  0x000001edb79f6bf0 WatcherThread [stack: 0x00000024bf300000,0x00000024bf400000] [id=65352]
  0x000001ed98f671b0 GCTaskThread "GC Thread#0" [stack: 0x00000024be300000,0x00000024be400000] [id=65532]
  0x000001edb8326e80 GCTaskThread "GC Thread#1" [stack: 0x00000024bf700000,0x00000024bf800000] [id=64048]
  0x000001edb8312b90 GCTaskThread "GC Thread#2" [stack: 0x00000024bf800000,0x00000024bf900000] [id=60860]
  0x000001edb8532090 GCTaskThread "GC Thread#3" [stack: 0x00000024bf900000,0x00000024bfa00000] [id=66120]
  0x000001edb8532340 GCTaskThread "GC Thread#4" [stack: 0x00000024bfa00000,0x00000024bfb00000] [id=65980]
  0x000001edb85325f0 GCTaskThread "GC Thread#5" [stack: 0x00000024bfb00000,0x00000024bfc00000] [id=63780]
  0x000001edb85328a0 GCTaskThread "GC Thread#6" [stack: 0x00000024bfc00000,0x00000024bfd00000] [id=66748]
  0x000001edb88b5f90 GCTaskThread "GC Thread#7" [stack: 0x00000024bfe00000,0x00000024bff00000] [id=67168]
  0x000001ed98f779c0 ConcurrentGCThread "G1 Main Marker" [stack: 0x00000024be400000,0x00000024be500000] [id=61200]
  0x000001ed98f78a80 ConcurrentGCThread "G1 Conc#0" [stack: 0x00000024be500000,0x00000024be600000] [id=9488]
  0x000001edb94ccfa0 ConcurrentGCThread "G1 Conc#1" [stack: 0x00000024c0000000,0x00000024c0100000] [id=67620]
  0x000001edb6df30e0 ConcurrentGCThread "G1 Refine#0" [stack: 0x00000024be600000,0x00000024be700000] [id=65040]
  0x000001edb830f620 ConcurrentGCThread "G1 Refine#1" [stack: 0x00000024bfd00000,0x00000024bfe00000] [id=64400]
  0x000001edb6df3a10 ConcurrentGCThread "G1 Service" [stack: 0x00000024be700000,0x00000024be800000] [id=66112]

Threads with active compile tasks:
C2 CompilerThread0     7843 4424       4       java.lang.Class::getMethodsRecursive (99 bytes)

VM state: not at safepoint (normal execution)

VM Mutex/Monitor currently owned by a thread: None

Heap address: 0x0000000083200000, size: 1998 MB, Compressed Oops mode: 32-bit

CDS archive(s) mapped at: [0x0000000800000000-0x0000000800bd0000-0x0000000800bd0000), size 12386304, SharedBaseAddress: 0x0000000800000000, ArchiveRelocationMode: 0.
Compressed class space mapped at: 0x0000000800c00000-0x0000000840c00000, reserved size: 1073741824
Narrow klass base: 0x0000000800000000, Narrow klass shift: 0, Narrow klass range: 0x100000000

GC Precious Log:
 CPUs: 8 total, 8 available
 Memory: 7991M
 Large Page Support: Disabled
 NUMA Support: Disabled
 Compressed Oops: Enabled (32-bit)
 Heap Region Size: 1M
 Heap Min Capacity: 8M
 Heap Initial Capacity: 126M
 Heap Max Capacity: 1998M
 Pre-touch: Disabled
 Parallel Workers: 8
 Concurrent Workers: 2
 Concurrent Refinement Workers: 8
 Periodic GC: Disabled

Heap:
 garbage-first heap   total 86016K, used 25417K [0x0000000083200000, 0x0000000100000000)
  region size 1024K, 9 young (9216K), 4 survivors (4096K)
 Metaspace       used 51505K, committed 51968K, reserved 1097728K
  class space    used 7205K, committed 7424K, reserved 1048576K

Heap Regions: E=young(eden), S=young(survivor), O=old, HS=humongous(starts), HC=humongous(continues), CS=collection set, F=free, OA=open archive, CA=closed archive, TAMS=top-at-mark-start (previous, next)
|   0|0x0000000083200000, 0x0000000083300000, 0x0000000083300000|100%|HS|  |TAMS 0x0000000083300000, 0x0000000083200000| Complete 
|   1|0x0000000083300000, 0x0000000083400000, 0x0000000083400000|100%| O|  |TAMS 0x0000000083400000, 0x0000000083300000| Untracked 
|   2|0x0000000083400000, 0x0000000083500000, 0x0000000083500000|100%| O|  |TAMS 0x0000000083500000, 0x0000000083400000| Untracked 
|   3|0x0000000083500000, 0x0000000083600000, 0x0000000083600000|100%| O|  |TAMS 0x0000000083600000, 0x0000000083500000| Untracked 
|   4|0x0000000083600000, 0x0000000083700000, 0x0000000083700000|100%| O|  |TAMS 0x0000000083700000, 0x0000000083600000| Untracked 
|   5|0x0000000083700000, 0x0000000083800000, 0x0000000083800000|100%| O|  |TAMS 0x0000000083800000, 0x0000000083700000| Untracked 
|   6|0x0000000083800000, 0x0000000083900000, 0x0000000083900000|100%| O|  |TAMS 0x0000000083800000, 0x0000000083800000| Untracked 
|   7|0x0000000083900000, 0x0000000083900000, 0x0000000083a00000|  0%| F|  |TAMS 0x0000000083900000, 0x0000000083900000| Untracked 
|   8|0x0000000083a00000, 0x0000000083af2200, 0x0000000083b00000| 94%| O|  |TAMS 0x0000000083af2200, 0x0000000083a00000| Untracked 
|   9|0x0000000083b00000, 0x0000000083c00000, 0x0000000083c00000|100%| O|  |TAMS 0x0000000083c00000, 0x0000000083b00000| Untracked 
|  10|0x0000000083c00000, 0x0000000083d00000, 0x0000000083d00000|100%| O|  |TAMS 0x0000000083d00000, 0x0000000083c00000| Untracked 
|  11|0x0000000083d00000, 0x0000000083e00000, 0x0000000083e00000|100%| O|  |TAMS 0x0000000083e00000, 0x0000000083d00000| Untracked 
|  12|0x0000000083e00000, 0x0000000083f00000, 0x0000000083f00000|100%| O|  |TAMS 0x0000000083f00000, 0x0000000083e00000| Untracked 
|  13|0x0000000083f00000, 0x0000000084000000, 0x0000000084000000|100%| O|  |TAMS 0x0000000084000000, 0x0000000083f00000| Untracked 
|  14|0x0000000084000000, 0x0000000084100000, 0x0000000084100000|100%| O|  |TAMS 0x0000000084100000, 0x0000000084000000| Untracked 
|  15|0x0000000084100000, 0x0000000084200000, 0x0000000084200000|100%| O|  |TAMS 0x00000000841b1c00, 0x0000000084100000| Untracked 
|  16|0x0000000084200000, 0x0000000084300000, 0x0000000084300000|100%| O|  |TAMS 0x0000000084200000, 0x0000000084200000| Untracked 
|  17|0x0000000084300000, 0x0000000084400000, 0x0000000084400000|100%| O|  |TAMS 0x0000000084300000, 0x0000000084300000| Untracked 
|  18|0x0000000084400000, 0x00000000844c4a00, 0x0000000084500000| 76%| O|  |TAMS 0x0000000084400000, 0x0000000084400000| Untracked 
|  19|0x0000000084500000, 0x0000000084500000, 0x0000000084600000|  0%| F|  |TAMS 0x0000000084500000, 0x0000000084500000| Untracked 
|  20|0x0000000084600000, 0x0000000084600000, 0x0000000084700000|  0%| F|  |TAMS 0x0000000084600000, 0x0000000084600000| Untracked 
|  21|0x0000000084700000, 0x0000000084700000, 0x0000000084800000|  0%| F|  |TAMS 0x0000000084700000, 0x0000000084700000| Untracked 
|  22|0x0000000084800000, 0x0000000084800000, 0x0000000084900000|  0%| F|  |TAMS 0x0000000084800000, 0x0000000084800000| Untracked 
|  23|0x0000000084900000, 0x0000000084900000, 0x0000000084a00000|  0%| F|  |TAMS 0x0000000084900000, 0x0000000084900000| Untracked 
|  24|0x0000000084a00000, 0x0000000084a00000, 0x0000000084b00000|  0%| F|  |TAMS 0x0000000084a00000, 0x0000000084a00000| Untracked 
|  25|0x0000000084b00000, 0x0000000084b00000, 0x0000000084c00000|  0%| F|  |TAMS 0x0000000084b00000, 0x0000000084b00000| Untracked 
|  26|0x0000000084c00000, 0x0000000084c00000, 0x0000000084d00000|  0%| F|  |TAMS 0x0000000084c00000, 0x0000000084c00000| Untracked 
|  27|0x0000000084d00000, 0x0000000084d00000, 0x0000000084e00000|  0%| F|  |TAMS 0x0000000084d00000, 0x0000000084d00000| Untracked 
|  28|0x0000000084e00000, 0x0000000084e00000, 0x0000000084f00000|  0%| F|  |TAMS 0x0000000084e00000, 0x0000000084e00000| Untracked 
|  29|0x0000000084f00000, 0x0000000084f00000, 0x0000000085000000|  0%| F|  |TAMS 0x0000000084f00000, 0x0000000084f00000| Untracked 
|  30|0x0000000085000000, 0x0000000085000000, 0x0000000085100000|  0%| F|  |TAMS 0x0000000085000000, 0x0000000085000000| Untracked 
|  31|0x0000000085100000, 0x0000000085100000, 0x0000000085200000|  0%| F|  |TAMS 0x0000000085100000, 0x0000000085100000| Untracked 
|  32|0x0000000085200000, 0x0000000085200000, 0x0000000085300000|  0%| F|  |TAMS 0x0000000085200000, 0x0000000085200000| Untracked 
|  33|0x0000000085300000, 0x000000008531bb40, 0x0000000085400000| 10%| S|CS|TAMS 0x0000000085300000, 0x0000000085300000| Complete 
|  34|0x0000000085400000, 0x0000000085500000, 0x0000000085500000|100%| S|CS|TAMS 0x0000000085400000, 0x0000000085400000| Complete 
|  35|0x0000000085500000, 0x0000000085600000, 0x0000000085600000|100%| S|CS|TAMS 0x0000000085500000, 0x0000000085500000| Complete 
|  36|0x0000000085600000, 0x0000000085700000, 0x0000000085700000|100%| S|CS|TAMS 0x0000000085600000, 0x0000000085600000| Complete 
|  37|0x0000000085700000, 0x0000000085700000, 0x0000000085800000|  0%| F|  |TAMS 0x0000000085700000, 0x0000000085700000| Untracked 
|  38|0x0000000085800000, 0x0000000085800000, 0x0000000085900000|  0%| F|  |TAMS 0x0000000085800000, 0x0000000085800000| Untracked 
|  39|0x0000000085900000, 0x0000000085900000, 0x0000000085a00000|  0%| F|  |TAMS 0x0000000085900000, 0x0000000085900000| Untracked 
|  40|0x0000000085a00000, 0x0000000085a00000, 0x0000000085b00000|  0%| F|  |TAMS 0x0000000085a00000, 0x0000000085a00000| Untracked 
|  41|0x0000000085b00000, 0x0000000085b00000, 0x0000000085c00000|  0%| F|  |TAMS 0x0000000085b00000, 0x0000000085b00000| Untracked 
|  42|0x0000000085c00000, 0x0000000085c00000, 0x0000000085d00000|  0%| F|  |TAMS 0x0000000085c00000, 0x0000000085c00000| Untracked 
|  43|0x0000000085d00000, 0x0000000085d00000, 0x0000000085e00000|  0%| F|  |TAMS 0x0000000085d00000, 0x0000000085d00000| Untracked 
|  44|0x0000000085e00000, 0x0000000085e00000, 0x0000000085f00000|  0%| F|  |TAMS 0x0000000085e00000, 0x0000000085e00000| Untracked 
|  45|0x0000000085f00000, 0x0000000085f00000, 0x0000000086000000|  0%| F|  |TAMS 0x0000000085f00000, 0x0000000085f00000| Untracked 
|  46|0x0000000086000000, 0x0000000086000000, 0x0000000086100000|  0%| F|  |TAMS 0x0000000086000000, 0x0000000086000000| Untracked 
|  47|0x0000000086100000, 0x0000000086100000, 0x0000000086200000|  0%| F|  |TAMS 0x0000000086100000, 0x0000000086100000| Untracked 
|  48|0x0000000086200000, 0x0000000086200000, 0x0000000086300000|  0%| F|  |TAMS 0x0000000086200000, 0x0000000086200000| Untracked 
|  49|0x0000000086300000, 0x0000000086300000, 0x0000000086400000|  0%| F|  |TAMS 0x0000000086300000, 0x0000000086300000| Untracked 
|  50|0x0000000086400000, 0x0000000086400000, 0x0000000086500000|  0%| F|  |TAMS 0x0000000086400000, 0x0000000086400000| Untracked 
|  51|0x0000000086500000, 0x0000000086500000, 0x0000000086600000|  0%| F|  |TAMS 0x0000000086500000, 0x0000000086500000| Untracked 
|  52|0x0000000086600000, 0x0000000086600000, 0x0000000086700000|  0%| F|  |TAMS 0x0000000086600000, 0x0000000086600000| Untracked 
|  53|0x0000000086700000, 0x0000000086700000, 0x0000000086800000|  0%| F|  |TAMS 0x0000000086700000, 0x0000000086700000| Untracked 
|  54|0x0000000086800000, 0x0000000086800000, 0x0000000086900000|  0%| F|  |TAMS 0x0000000086800000, 0x0000000086800000| Untracked 
|  55|0x0000000086900000, 0x0000000086900000, 0x0000000086a00000|  0%| F|  |TAMS 0x0000000086900000, 0x0000000086900000| Untracked 
|  56|0x0000000086a00000, 0x0000000086a00000, 0x0000000086b00000|  0%| F|  |TAMS 0x0000000086a00000, 0x0000000086a00000| Untracked 
|  57|0x0000000086b00000, 0x0000000086b00000, 0x0000000086c00000|  0%| F|  |TAMS 0x0000000086b00000, 0x0000000086b00000| Untracked 
|  58|0x0000000086c00000, 0x0000000086c00000, 0x0000000086d00000|  0%| F|  |TAMS 0x0000000086c00000, 0x0000000086c00000| Untracked 
|  59|0x0000000086d00000, 0x0000000086d00000, 0x0000000086e00000|  0%| F|  |TAMS 0x0000000086d00000, 0x0000000086d00000| Untracked 
|  60|0x0000000086e00000, 0x0000000086e00000, 0x0000000086f00000|  0%| F|  |TAMS 0x0000000086e00000, 0x0000000086e00000| Untracked 
|  61|0x0000000086f00000, 0x0000000086f00000, 0x0000000087000000|  0%| F|  |TAMS 0x0000000086f00000, 0x0000000086f00000| Untracked 
|  62|0x0000000087000000, 0x0000000087000000, 0x0000000087100000|  0%| F|  |TAMS 0x0000000087000000, 0x0000000087000000| Untracked 
|  63|0x0000000087100000, 0x0000000087100000, 0x0000000087200000|  0%| F|  |TAMS 0x0000000087100000, 0x0000000087100000| Untracked 
|  64|0x0000000087200000, 0x0000000087200000, 0x0000000087300000|  0%| F|  |TAMS 0x0000000087200000, 0x0000000087200000| Untracked 
|  65|0x0000000087300000, 0x0000000087300000, 0x0000000087400000|  0%| F|  |TAMS 0x0000000087300000, 0x0000000087300000| Untracked 
|  66|0x0000000087400000, 0x0000000087400000, 0x0000000087500000|  0%| F|  |TAMS 0x0000000087400000, 0x0000000087400000| Untracked 
|  67|0x0000000087500000, 0x0000000087500000, 0x0000000087600000|  0%| F|  |TAMS 0x0000000087500000, 0x0000000087500000| Untracked 
|  68|0x0000000087600000, 0x0000000087600000, 0x0000000087700000|  0%| F|  |TAMS 0x0000000087600000, 0x0000000087600000| Untracked 
|  69|0x0000000087700000, 0x0000000087700000, 0x0000000087800000|  0%| F|  |TAMS 0x0000000087700000, 0x0000000087700000| Untracked 
|  70|0x0000000087800000, 0x0000000087800000, 0x0000000087900000|  0%| F|  |TAMS 0x0000000087800000, 0x0000000087800000| Untracked 
|  71|0x0000000087900000, 0x0000000087900000, 0x0000000087a00000|  0%| F|  |TAMS 0x0000000087900000, 0x0000000087900000| Untracked 
|  72|0x0000000087a00000, 0x0000000087a00000, 0x0000000087b00000|  0%| F|  |TAMS 0x0000000087a00000, 0x0000000087a00000| Untracked 
|  73|0x0000000087b00000, 0x0000000087b00000, 0x0000000087c00000|  0%| F|  |TAMS 0x0000000087b00000, 0x0000000087b00000| Untracked 
|  74|0x0000000087c00000, 0x0000000087c00000, 0x0000000087d00000|  0%| F|  |TAMS 0x0000000087c00000, 0x0000000087c00000| Untracked 
|  75|0x0000000087d00000, 0x0000000087d00000, 0x0000000087e00000|  0%| F|  |TAMS 0x0000000087d00000, 0x0000000087d00000| Untracked 
|  76|0x0000000087e00000, 0x0000000087e00000, 0x0000000087f00000|  0%| F|  |TAMS 0x0000000087e00000, 0x0000000087e00000| Untracked 
|  77|0x0000000087f00000, 0x0000000087f00000, 0x0000000088000000|  0%| F|  |TAMS 0x0000000087f00000, 0x0000000087f00000| Untracked 
| 116|0x000000008a600000, 0x000000008a600000, 0x000000008a700000|  0%| F|  |TAMS 0x000000008a600000, 0x000000008a600000| Untracked 
| 117|0x000000008a700000, 0x000000008a780800, 0x000000008a800000| 50%| E|  |TAMS 0x000000008a700000, 0x000000008a700000| Complete 
| 118|0x000000008a800000, 0x000000008a900000, 0x000000008a900000|100%| E|CS|TAMS 0x000000008a800000, 0x000000008a800000| Complete 
| 119|0x000000008a900000, 0x000000008aa00000, 0x000000008aa00000|100%| E|CS|TAMS 0x000000008a900000, 0x000000008a900000| Complete 
| 120|0x000000008aa00000, 0x000000008ab00000, 0x000000008ab00000|100%| E|CS|TAMS 0x000000008aa00000, 0x000000008aa00000| Complete 
| 125|0x000000008af00000, 0x000000008b000000, 0x000000008b000000|100%| E|CS|TAMS 0x000000008af00000, 0x000000008af00000| Complete 

Card table byte_map: [0x000001edafed0000,0x000001edb02c0000] _byte_map_base: 0x000001edafab7000

Marking Bits (Prev, Next): (CMBitMap*) 0x000001ed98f676d0, (CMBitMap*) 0x000001ed98f67710
 Prev Bits: [0x000001edb06b0000, 0x000001edb25e8000)
 Next Bits: [0x000001edb25f0000, 0x000001edb4528000)

Polling page: 0x000001ed96d40000

Metaspace:

Usage:
  Non-class:     43.26 MB used.
      Class:      7.04 MB used.
       Both:     50.30 MB used.

Virtual space:
  Non-class space:       48.00 MB reserved,      43.50 MB ( 91%) committed,  6 nodes.
      Class space:        1.00 GB reserved,       7.25 MB ( <1%) committed,  1 nodes.
             Both:        1.05 GB reserved,      50.75 MB (  5%) committed. 

Chunk freelists:
   Non-Class:  380.00 KB
       Class:  814.00 KB
        Both:  1.17 MB

MaxMetaspaceSize: unlimited
CompressedClassSpaceSize: 1.00 GB
Initial GC threshold: 21.00 MB
Current GC threshold: 59.06 MB
CDS: on
MetaspaceReclaimPolicy: balanced
 - commit_granule_bytes: 65536.
 - commit_granule_words: 8192.
 - virtual_space_node_default_size: 1048576.
 - enlarge_chunks_in_place: 1.
 - new_chunks_are_fully_committed: 0.
 - uncommit_free_chunks: 1.
 - use_allocation_guard: 0.
 - handle_deallocations: 1.


Internal statistics:

num_allocs_failed_limit: 6.
num_arena_births: 518.
num_arena_deaths: 0.
num_vsnodes_births: 7.
num_vsnodes_deaths: 0.
num_space_committed: 812.
num_space_uncommitted: 0.
num_chunks_returned_to_freelist: 6.
num_chunks_taken_from_freelist: 2270.
num_chunk_merges: 6.
num_chunk_splits: 1638.
num_chunks_enlarged: 1282.
num_purges: 0.
num_inconsistent_stats: 0.

CodeHeap 'non-profiled nmethods': size=120000Kb used=2023Kb max_used=2023Kb free=117977Kb
 bounds [0x000001eda8270000, 0x000001eda84e0000, 0x000001edaf7a0000]
CodeHeap 'profiled nmethods': size=120000Kb used=8813Kb max_used=8813Kb free=111186Kb
 bounds [0x000001eda07a0000, 0x000001eda1040000, 0x000001eda7cd0000]
CodeHeap 'non-nmethods': size=5760Kb used=1335Kb max_used=1377Kb free=4424Kb
 bounds [0x000001eda7cd0000, 0x000001eda7f40000, 0x000001eda8270000]
 total_blobs=5103 nmethods=4459 adapters=556
 compilation: enabled
              stopped_count=0, restarted_count=0
 full_count=0

Compilation events (20 events):
Event: 7.553 Thread 0x000001edb6f63a90 4480       2       java.nio.CharBuffer::position (6 bytes)
Event: 7.553 Thread 0x000001edb6f63a90 nmethod 4480 0x000001eda1038310 code [0x000001eda10384a0, 0x000001eda10385c8]
Event: 7.555 Thread 0x000001edb6f63a90 4481       2       org.junit.platform.commons.util.AnnotationUtils::findMetaAnnotation (84 bytes)
Event: 7.556 Thread 0x000001edb6f63a90 nmethod 4481 0x000001eda1038690 code [0x000001eda1038880, 0x000001eda1038bc8]
Event: 7.562 Thread 0x000001edb6f63a90 4483       2       java.lang.invoke.LambdaForm::arguments (47 bytes)
Event: 7.563 Thread 0x000001edb6f63a90 nmethod 4483 0x000001eda1038e90 code [0x000001eda1039080, 0x000001eda1039548]
Event: 7.563 Thread 0x000001edb6f63a90 4486       2       jdk.internal.misc.CDS::isDumpingClassList (4 bytes)
Event: 7.564 Thread 0x000001edb6f63a90 nmethod 4486 0x000001eda1039910 code [0x000001eda1039aa0, 0x000001eda1039b98]
Event: 7.565 Thread 0x000001edb6f63a90 4487       2       org.springframework.core.ResolvableType::isAssignableFrom (409 bytes)
Event: 7.567 Thread 0x000001edb6f63a90 nmethod 4487 0x000001eda1039c10 code [0x000001eda1039f40, 0x000001eda103ac48]
Event: 7.567 Thread 0x000001edb6f63a90 4488       2       java.lang.invoke.DirectMethodHandle$Holder::invokeStatic (22 bytes)
Event: 7.568 Thread 0x000001edb6f63a90 nmethod 4488 0x000001eda103b390 code [0x000001eda103b540, 0x000001eda103b698]
Event: 7.583 Thread 0x000001edb6f63a90 4489       1       java.lang.invoke.MethodHandle::isVarargsCollector (2 bytes)
Event: 7.583 Thread 0x000001edb6f63a90 nmethod 4489 0x000001eda845c910 code [0x000001eda845caa0, 0x000001eda845cb78]
Event: 7.715 Thread 0x000001edb6f5fbe0 nmethod 4407 0x000001eda845d210 code [0x000001eda845d900, 0x000001eda8464a88]
Event: 7.716 Thread 0x000001edb6f5fbe0 4461       4       com.sun.crypto.provider.GHASH::blockMult (245 bytes)
Event: 7.723 Thread 0x000001edb6f5fbe0 nmethod 4461 0x000001eda8469010 code [0x000001eda84691a0, 0x000001eda84696f8]
Event: 7.723 Thread 0x000001edb6f5fbe0 4451       4       java.util.TreeMap::successor (66 bytes)
Event: 7.725 Thread 0x000001edb6f5fbe0 nmethod 4451 0x000001eda8469890 code [0x000001eda8469a00, 0x000001eda8469ad8]
Event: 7.725 Thread 0x000001edb6f5fbe0 4424       4       java.lang.Class::getMethodsRecursive (99 bytes)

GC Heap History (20 events):
Event: 1.005 GC heap before
{Heap before GC invocations=0 (full 0):
 garbage-first heap   total 129024K, used 24576K [0x0000000083200000, 0x0000000100000000)
  region size 1024K, 23 young (23552K), 0 survivors (0K)
 Metaspace       used 5498K, committed 5632K, reserved 1056768K
  class space    used 712K, committed 768K, reserved 1048576K
}
Event: 1.042 GC heap after
{Heap after GC invocations=1 (full 0):
 garbage-first heap   total 129024K, used 7439K [0x0000000083200000, 0x0000000100000000)
  region size 1024K, 3 young (3072K), 3 survivors (3072K)
 Metaspace       used 5498K, committed 5632K, reserved 1056768K
  class space    used 712K, committed 768K, reserved 1048576K
}
Event: 1.864 GC heap before
{Heap before GC invocations=1 (full 0):
 garbage-first heap   total 129024K, used 30991K [0x0000000083200000, 0x0000000100000000)
  region size 1024K, 26 young (26624K), 3 survivors (3072K)
 Metaspace       used 11635K, committed 11840K, reserved 1064960K
  class space    used 1532K, committed 1600K, reserved 1048576K
}
Event: 1.871 GC heap after
{Heap after GC invocations=2 (full 0):
 garbage-first heap   total 129024K, used 9295K [0x0000000083200000, 0x0000000100000000)
  region size 1024K, 2 young (2048K), 2 survivors (2048K)
 Metaspace       used 11635K, committed 11840K, reserved 1064960K
  class space    used 1532K, committed 1600K, reserved 1048576K
}
Event: 3.542 GC heap before
{Heap before GC invocations=2 (full 0):
 garbage-first heap   total 129024K, used 59471K [0x0000000083200000, 0x0000000100000000)
  region size 1024K, 51 young (52224K), 2 survivors (2048K)
 Metaspace       used 19990K, committed 20352K, reserved 1073152K
  class space    used 2703K, committed 2816K, reserved 1048576K
}
Event: 3.555 GC heap after
{Heap after GC invocations=3 (full 0):
 garbage-first heap   total 129024K, used 12984K [0x0000000083200000, 0x0000000100000000)
  region size 1024K, 6 young (6144K), 6 survivors (6144K)
 Metaspace       used 19990K, committed 20352K, reserved 1073152K
  class space    used 2703K, committed 2816K, reserved 1048576K
}
Event: 3.726 GC heap before
{Heap before GC invocations=3 (full 0):
 garbage-first heap   total 129024K, used 17080K [0x0000000083200000, 0x0000000100000000)
  region size 1024K, 11 young (11264K), 6 survivors (6144K)
 Metaspace       used 21160K, committed 21504K, reserved 1073152K
  class space    used 2842K, committed 3008K, reserved 1048576K
}
Event: 3.734 GC heap after
{Heap after GC invocations=4 (full 0):
 garbage-first heap   total 129024K, used 13581K [0x0000000083200000, 0x0000000100000000)
  region size 1024K, 5 young (5120K), 5 survivors (5120K)
 Metaspace       used 21160K, committed 21504K, reserved 1073152K
  class space    used 2842K, committed 3008K, reserved 1048576K
}
Event: 4.571 GC heap before
{Heap before GC invocations=5 (full 0):
 garbage-first heap   total 51200K, used 39181K [0x0000000083200000, 0x0000000100000000)
  region size 1024K, 30 young (30720K), 5 survivors (5120K)
 Metaspace       used 27780K, committed 28160K, reserved 1081344K
  class space    used 3805K, committed 3968K, reserved 1048576K
}
Event: 4.585 GC heap after
{Heap after GC invocations=6 (full 0):
 garbage-first heap   total 51200K, used 14856K [0x0000000083200000, 0x0000000100000000)
  region size 1024K, 2 young (2048K), 2 survivors (2048K)
 Metaspace       used 27780K, committed 28160K, reserved 1081344K
  class space    used 3805K, committed 3968K, reserved 1048576K
}
Event: 4.640 GC heap before
{Heap before GC invocations=6 (full 0):
 garbage-first heap   total 51200K, used 15880K [0x0000000083200000, 0x0000000100000000)
  region size 1024K, 3 young (3072K), 2 survivors (2048K)
 Metaspace       used 28379K, committed 28736K, reserved 1081344K
  class space    used 3865K, committed 4032K, reserved 1048576K
}
Event: 4.647 GC heap after
{Heap after GC invocations=7 (full 0):
 garbage-first heap   total 51200K, used 15478K [0x0000000083200000, 0x0000000100000000)
  region size 1024K, 1 young (1024K), 1 survivors (1024K)
 Metaspace       used 28379K, committed 28736K, reserved 1081344K
  class space    used 3865K, committed 4032K, reserved 1048576K
}
Event: 5.443 GC heap before
{Heap before GC invocations=7 (full 0):
 garbage-first heap   total 51200K, used 30838K [0x0000000083200000, 0x0000000100000000)
  region size 1024K, 17 young (17408K), 1 survivors (1024K)
 Metaspace       used 35803K, committed 36224K, reserved 1081344K
  class space    used 4817K, committed 4992K, reserved 1048576K
}
Event: 5.450 GC heap after
{Heap after GC invocations=8 (full 0):
 garbage-first heap   total 51200K, used 17175K [0x0000000083200000, 0x0000000100000000)
  region size 1024K, 3 young (3072K), 3 survivors (3072K)
 Metaspace       used 35803K, committed 36224K, reserved 1081344K
  class space    used 4817K, committed 4992K, reserved 1048576K
}
Event: 5.966 GC heap before
{Heap before GC invocations=9 (full 0):
 garbage-first heap   total 51200K, used 36631K [0x0000000083200000, 0x0000000100000000)
  region size 1024K, 22 young (22528K), 3 survivors (3072K)
 Metaspace       used 40728K, committed 41152K, reserved 1089536K
  class space    used 5559K, committed 5760K, reserved 1048576K
}
Event: 5.973 GC heap after
{Heap after GC invocations=10 (full 0):
 garbage-first heap   total 86016K, used 18437K [0x0000000083200000, 0x0000000100000000)
  region size 1024K, 2 young (2048K), 2 survivors (2048K)
 Metaspace       used 40728K, committed 41152K, reserved 1089536K
  class space    used 5559K, committed 5760K, reserved 1048576K
}
Event: 6.070 GC heap before
{Heap before GC invocations=10 (full 0):
 garbage-first heap   total 86016K, used 20485K [0x0000000083200000, 0x0000000100000000)
  region size 1024K, 4 young (4096K), 2 survivors (2048K)
 Metaspace       used 41753K, committed 42176K, reserved 1089536K
  class space    used 5670K, committed 5888K, reserved 1048576K
}
Event: 6.080 GC heap after
{Heap after GC invocations=11 (full 0):
 garbage-first heap   total 86016K, used 18388K [0x0000000083200000, 0x0000000100000000)
  region size 1024K, 1 young (1024K), 1 survivors (1024K)
 Metaspace       used 41753K, committed 42176K, reserved 1089536K
  class space    used 5670K, committed 5888K, reserved 1048576K
}
Event: 7.399 GC heap before
{Heap before GC invocations=11 (full 0):
 garbage-first heap   total 86016K, used 65492K [0x0000000083200000, 0x0000000100000000)
  region size 1024K, 47 young (48128K), 1 survivors (1024K)
 Metaspace       used 50452K, committed 50880K, reserved 1097728K
  class space    used 7046K, committed 7232K, reserved 1048576K
}
Event: 7.410 GC heap after
{Heap after GC invocations=12 (full 0):
 garbage-first heap   total 86016K, used 21321K [0x0000000083200000, 0x0000000100000000)
  region size 1024K, 4 young (4096K), 4 survivors (4096K)
 Metaspace       used 50452K, committed 50880K, reserved 1097728K
  class space    used 7046K, committed 7232K, reserved 1048576K
}

Deoptimization events (20 events):
Event: 7.317 Thread 0x000001ed98f0e690 DEOPT PACKING pc=0x000001eda83984b4 sp=0x00000024be2fbb00
Event: 7.317 Thread 0x000001ed98f0e690 DEOPT UNPACKING pc=0x000001eda7d25ba3 sp=0x00000024be2fba58 mode 2
Event: 7.318 Thread 0x000001ed98f0e690 Uncommon trap: trap_request=0xffffffde fr.pc=0x000001eda83984b4 relative=0x0000000000000294
Event: 7.318 Thread 0x000001ed98f0e690 Uncommon trap: reason=class_check action=maybe_recompile pc=0x000001eda83984b4 method=java.util.concurrent.ConcurrentHashMap.get(Ljava/lang/Object;)Ljava/lang/Object; @ 93 c2
Event: 7.318 Thread 0x000001ed98f0e690 DEOPT PACKING pc=0x000001eda83984b4 sp=0x00000024be2fbb00
Event: 7.318 Thread 0x000001ed98f0e690 DEOPT UNPACKING pc=0x000001eda7d25ba3 sp=0x00000024be2fba58 mode 2
Event: 7.318 Thread 0x000001ed98f0e690 Uncommon trap: trap_request=0xffffffde fr.pc=0x000001eda83984b4 relative=0x0000000000000294
Event: 7.318 Thread 0x000001ed98f0e690 Uncommon trap: reason=class_check action=maybe_recompile pc=0x000001eda83984b4 method=java.util.concurrent.ConcurrentHashMap.get(Ljava/lang/Object;)Ljava/lang/Object; @ 93 c2
Event: 7.318 Thread 0x000001ed98f0e690 DEOPT PACKING pc=0x000001eda83984b4 sp=0x00000024be2fbb00
Event: 7.318 Thread 0x000001ed98f0e690 DEOPT UNPACKING pc=0x000001eda7d25ba3 sp=0x00000024be2fba58 mode 2
Event: 7.518 Thread 0x000001ed98f0e690 DEOPT PACKING pc=0x000001eda0ea89be sp=0x00000024be2faca0
Event: 7.518 Thread 0x000001ed98f0e690 DEOPT UNPACKING pc=0x000001eda7d266e3 sp=0x00000024be2fa0d0 mode 0
Event: 7.607 Thread 0x000001ed98f0e690 Uncommon trap: trap_request=0xffffffde fr.pc=0x000001eda8418848 relative=0x0000000000001528
Event: 7.607 Thread 0x000001ed98f0e690 Uncommon trap: reason=class_check action=maybe_recompile pc=0x000001eda8418848 method=java.util.zip.InflaterInputStream.read([BII)I @ 100 c2
Event: 7.607 Thread 0x000001ed98f0e690 DEOPT PACKING pc=0x000001eda8418848 sp=0x00000024be2f9e80
Event: 7.608 Thread 0x000001ed98f0e690 DEOPT UNPACKING pc=0x000001eda7d25ba3 sp=0x00000024be2f9ed0 mode 2
Event: 7.608 Thread 0x000001ed98f0e690 Uncommon trap: trap_request=0xffffffde fr.pc=0x000001eda8418848 relative=0x0000000000001528
Event: 7.608 Thread 0x000001ed98f0e690 Uncommon trap: reason=class_check action=maybe_recompile pc=0x000001eda8418848 method=java.util.zip.InflaterInputStream.read([BII)I @ 100 c2
Event: 7.608 Thread 0x000001ed98f0e690 DEOPT PACKING pc=0x000001eda8418848 sp=0x00000024be2f9e80
Event: 7.608 Thread 0x000001ed98f0e690 DEOPT UNPACKING pc=0x000001eda7d25ba3 sp=0x00000024be2f9ed0 mode 2

Classes unloaded (0 events):
No events

Classes redefined (0 events):
No events

Internal exceptions (20 events):
Event: 6.593 Thread 0x000001ed98f0e690 Exception <a 'java/lang/NoSuchMethodError'{0x00000000874d6ef8}: 'java.lang.Object java.lang.invoke.DirectMethodHandle$Holder.newInvokeSpecial(java.lang.Object, java.lang.Object, java.lang.Object, java.lang.Object, java.lang.Object, java.lang.Object, java.lang.Object, int)'> (0x00000000874d6ef8) 
thrown [s\open\src\hotspot\share\interpreter\linkResolver.cpp, line 759]
Event: 6.594 Thread 0x000001ed98f0e690 Exception <a 'java/lang/NoSuchMethodError'{0x00000000874dc6e8}: 'java.lang.Object java.lang.invoke.DirectMethodHandle$Holder.invokeSpecial(java.lang.Object, java.lang.Object, java.lang.Object, java.lang.Object, java.lang.Object, java.lang.Object, java.lang.Object, java.lang.Object, int)'> (0x00000000874dc6e8) 
thrown [s\open\src\hotspot\share\interpreter\linkResolver.cpp, line 759]
Event: 6.928 Thread 0x000001ed98f0e690 Exception <a 'java/lang/IncompatibleClassChangeError'{0x0000000086ba4518}: Found class java.lang.Object, but interface was expected> (0x0000000086ba4518) 
thrown [s\open\src\hotspot\share\interpreter\linkResolver.cpp, line 826]
Event: 6.973 Thread 0x000001ed98f0e690 Exception <a 'java/lang/IncompatibleClassChangeError'{0x0000000086924db0}: Found class java.lang.Object, but interface was expected> (0x0000000086924db0) 
thrown [s\open\src\hotspot\share\interpreter\linkResolver.cpp, line 826]
Event: 6.986 Thread 0x000001ed98f0e690 Exception <a 'java/lang/NoSuchMethodError'{0x000000008697d5b0}: 'java.lang.Object java.lang.invoke.DirectMethodHandle$Holder.invokeSpecialIFC(java.lang.Object, java.lang.Object, java.lang.Object)'> (0x000000008697d5b0) 
thrown [s\open\src\hotspot\share\interpreter\linkResolver.cpp, line 759]
Event: 7.153 Thread 0x000001ed98f0e690 Exception <a 'java/lang/IncompatibleClassChangeError'{0x000000008623e810}: Found class java.lang.Object, but interface was expected> (0x000000008623e810) 
thrown [s\open\src\hotspot\share\interpreter\linkResolver.cpp, line 826]
Event: 7.316 Thread 0x000001ed98f0e690 Exception <a 'java/lang/IncompatibleClassChangeError'{0x0000000085a4a9e8}: Found class java.lang.Object, but interface was expected> (0x0000000085a4a9e8) 
thrown [s\open\src\hotspot\share\interpreter\linkResolver.cpp, line 826]
Event: 7.359 Thread 0x000001ed98f0e690 Exception <a 'java/lang/NoSuchMethodError'{0x00000000858d1230}: 'java.lang.Object java.lang.invoke.DirectMethodHandle$Holder.newInvokeSpecial(java.lang.Object, java.lang.Object, int, java.lang.Object, java.lang.Object)'> (0x00000000858d1230) 
thrown [s\open\src\hotspot\share\interpreter\linkResolver.cpp, line 759]
Event: 7.360 Thread 0x000001ed98f0e690 Exception <a 'java/lang/NoSuchMethodError'{0x00000000858dcdf8}: 'java.lang.Object java.lang.invoke.DirectMethodHandle$Holder.invokeSpecial(java.lang.Object, java.lang.Object, int, java.lang.Object, int, java.lang.Object)'> (0x00000000858dcdf8) 
thrown [s\open\src\hotspot\share\interpreter\linkResolver.cpp, line 759]
Event: 7.361 Thread 0x000001ed98f0e690 Exception <a 'java/lang/NoSuchMethodError'{0x00000000858e53f8}: 'java.lang.Object java.lang.invoke.DirectMethodHandle$Holder.newInvokeSpecial(java.lang.Object, java.lang.Object, int, java.lang.Object, int)'> (0x00000000858e53f8) 
thrown [s\open\src\hotspot\share\interpreter\linkResolver.cpp, line 759]
Event: 7.361 Thread 0x000001ed98f0e690 Exception <a 'java/lang/NoSuchMethodError'{0x00000000858e9a48}: 'java.lang.Object java.lang.invoke.DirectMethodHandle$Holder.invokeSpecial(java.lang.Object, java.lang.Object, java.lang.Object, int, java.lang.Object, int)'> (0x00000000858e9a48) 
thrown [s\open\src\hotspot\share\interpreter\linkResolver.cpp, line 759]
Event: 7.436 Thread 0x000001ed98f0e690 Exception <a 'java/lang/NoSuchMethodError'{0x000000008afbc840}: 'void java.lang.invoke.DirectMethodHandle$Holder.invokeSpecial(java.lang.Object, java.lang.Object, java.lang.Object, java.lang.Object, java.lang.Object, java.lang.Object, java.lang.Object, java.lang.Object, java.lang.Object)'> (0x000000008afbc840) 
thrown [s\open\src\hotspot\share\interpreter\linkResolver.cpp, line 759]
Event: 7.439 Thread 0x000001ed98f0e690 Exception <a 'java/lang/NoSuchMethodError'{0x000000008afdd478}: 'int java.lang.invoke.DirectMethodHandle$Holder.invokeStatic(java.lang.Object, java.lang.Object, int, int)'> (0x000000008afdd478) 
thrown [s\open\src\hotspot\share\interpreter\linkResolver.cpp, line 759]
Event: 7.551 Thread 0x000001ed98f0e690 Exception <a 'java/lang/NoSuchMethodError'{0x000000008a9746c8}: 'int java.lang.invoke.DirectMethodHandle$Holder.invokeStatic(java.lang.Object, java.lang.Object, int)'> (0x000000008a9746c8) 
thrown [s\open\src\hotspot\share\interpreter\linkResolver.cpp, line 759]
Event: 7.562 Thread 0x000001ed98f0e690 Exception <a 'java/lang/NoSuchMethodError'{0x000000008a9b26f8}: 'java.lang.Object java.lang.invoke.DirectMethodHandle$Holder.newInvokeSpecial(java.lang.Object, java.lang.Object, java.lang.Object, java.lang.Object, int)'> (0x000000008a9b26f8) 
thrown [s\open\src\hotspot\share\interpreter\linkResolver.cpp, line 759]
Event: 7.563 Thread 0x000001ed98f0e690 Exception <a 'java/lang/NoSuchMethodError'{0x000000008a9b6b50}: 'java.lang.Object java.lang.invoke.DirectMethodHandle$Holder.invokeSpecial(java.lang.Object, java.lang.Object, java.lang.Object, java.lang.Object, java.lang.Object, int)'> (0x000000008a9b6b50) 
thrown [s\open\src\hotspot\share\interpreter\linkResolver.cpp, line 759]
Event: 7.563 Thread 0x000001ed98f0e690 Exception <a 'java/lang/NoSuchMethodError'{0x000000008a9ba8e0}: 'java.lang.Object java.lang.invoke.Invokers$Holder.linkToTargetMethod(java.lang.Object, java.lang.Object, java.lang.Object, int, java.lang.Object)'> (0x000000008a9ba8e0) 
thrown [s\open\src\hotspot\share\interpreter\linkResolver.cpp, line 759]
Event: 7.602 Thread 0x000001ed98f0e690 Exception <a 'java/lang/reflect/InvocationTargetException'{0x000000008a8dbbb0}> (0x000000008a8dbbb0) 
thrown [s\open\src\hotspot\share\runtime\reflection.cpp, line 1121]
Event: 7.672 Thread 0x000001ed98f0e690 Exception <a 'java/lang/NoSuchMethodError'{0x000000008a8fa568}: 'void java.lang.invoke.DirectMethodHandle$Holder.invokeStatic(java.lang.Object, long)'> (0x000000008a8fa568) 
thrown [s\open\src\hotspot\share\interpreter\linkResolver.cpp, line 759]
Event: 7.674 Thread 0x000001ed98f0e690 Exception <a 'java/lang/NoSuchMethodError'{0x000000008a700350}: 'java.lang.Object java.lang.invoke.DirectMethodHandle$Holder.newInvokeSpecial(java.lang.Object, long)'> (0x000000008a700350) 
thrown [s\open\src\hotspot\share\interpreter\linkResolver.cpp, line 759]

VM Operations (20 events):
Event: 5.466 Executing VM operation: G1Concurrent
Event: 5.470 Executing VM operation: G1Concurrent done
Event: 5.477 Executing VM operation: G1Concurrent
Event: 5.480 Executing VM operation: G1Concurrent done
Event: 5.965 Executing VM operation: G1CollectForAllocation
Event: 5.973 Executing VM operation: G1CollectForAllocation done
Event: 6.070 Executing VM operation: G1CollectForAllocation
Event: 6.080 Executing VM operation: G1CollectForAllocation done
Event: 6.858 Executing VM operation: HandshakeAllThreads
Event: 6.858 Executing VM operation: HandshakeAllThreads done
Event: 7.107 Executing VM operation: HandshakeAllThreads
Event: 7.108 Executing VM operation: HandshakeAllThreads done
Event: 7.108 Executing VM operation: Cleanup
Event: 7.108 Executing VM operation: Cleanup done
Event: 7.202 Executing VM operation: HandshakeAllThreads
Event: 7.202 Executing VM operation: HandshakeAllThreads done
Event: 7.399 Executing VM operation: G1CollectForAllocation
Event: 7.410 Executing VM operation: G1CollectForAllocation done
Event: 7.412 Executing VM operation: HandshakeAllThreads
Event: 7.412 Executing VM operation: HandshakeAllThreads done

Events (20 events):
Event: 7.601 loading class java/lang/instrument/Instrumentation
Event: 7.601 loading class java/lang/instrument/Instrumentation done
Event: 7.606 loading class java/util/jar/JarInputStream
Event: 7.606 loading class java/util/zip/ZipInputStream
Event: 7.607 loading class java/util/zip/ZipInputStream done
Event: 7.607 loading class java/util/jar/JarInputStream done
Event: 7.607 loading class java/io/PushbackInputStream
Event: 7.607 loading class java/io/PushbackInputStream done
Event: 7.608 loading class sun/security/util/ManifestEntryVerifier
Event: 7.608 loading class sun/security/util/ManifestEntryVerifier done
Event: 7.610 loading class java/lang/ProcessBuilder
Event: 7.610 loading class java/lang/ProcessBuilder done
Event: 7.611 loading class java/lang/ProcessImpl
Event: 7.611 loading class java/lang/ProcessImpl done
Event: 7.674 loading class java/lang/ProcessImpl$2
Event: 7.675 loading class java/lang/ProcessImpl$2 done
Event: 7.675 loading class java/lang/Process$PipeInputStream
Event: 7.675 loading class java/lang/Process$PipeInputStream done
Event: 7.675 loading class jdk/internal/event/ProcessStartEvent
Event: 7.676 loading class jdk/internal/event/ProcessStartEvent done


Dynamic libraries:
0x00007ff7b6d40000 - 0x00007ff7b6d50000 	C:\Program Files\Java\jdk-17\bin\java.exe
0x00007fffadbd0000 - 0x00007fffaddc8000 	C:\Windows\SYSTEM32\ntdll.dll
0x00007fffad320000 - 0x00007fffad3df000 	C:\Windows\System32\KERNEL32.DLL
0x00007fffab350000 - 0x00007fffab646000 	C:\Windows\System32\KERNELBASE.dll
0x00007fffaba10000 - 0x00007fffabb10000 	C:\Windows\System32\ucrtbase.dll
0x00007fff6d020000 - 0x00007fff6d03b000 	C:\Program Files\Java\jdk-17\bin\VCRUNTIME140.dll
0x00007fff6d220000 - 0x00007fff6d239000 	C:\Program Files\Java\jdk-17\bin\jli.dll
0x00007fffabc80000 - 0x00007fffabd2f000 	C:\Windows\System32\ADVAPI32.dll
0x00007fffad9b0000 - 0x00007fffada4e000 	C:\Windows\System32\msvcrt.dll
0x00007fffad890000 - 0x00007fffad92c000 	C:\Windows\System32\sechost.dll
0x00007fffada50000 - 0x00007fffadb76000 	C:\Windows\System32\RPCRT4.dll
0x00007fffaceb0000 - 0x00007fffad04d000 	C:\Windows\System32\USER32.dll
0x00007fffab930000 - 0x00007fffab952000 	C:\Windows\System32\win32u.dll
0x00007fff93cb0000 - 0x00007fff93f4a000 	C:\Windows\WinSxS\amd64_microsoft.windows.common-controls_6595b64144ccf1df_6.0.19041.1110_none_60b5254171f9507e\COMCTL32.dll
0x00007fffabc50000 - 0x00007fffabc7c000 	C:\Windows\System32\GDI32.dll
0x00007fffabb10000 - 0x00007fffabc25000 	C:\Windows\System32\gdi32full.dll
0x00007fffab7b0000 - 0x00007fffab84d000 	C:\Windows\System32\msvcp_win.dll
0x00007fff9c090000 - 0x00007fff9c09a000 	C:\Windows\SYSTEM32\VERSION.dll
0x00007fffacda0000 - 0x00007fffacdd0000 	C:\Windows\System32\IMM32.DLL
0x00007fff920d0000 - 0x00007fff920dc000 	C:\Program Files\Java\jdk-17\bin\vcruntime140_1.dll
0x00007fff5cca0000 - 0x00007fff5cd2e000 	C:\Program Files\Java\jdk-17\bin\msvcp140.dll
0x00007fff23f40000 - 0x00007fff24b1d000 	C:\Program Files\Java\jdk-17\bin\server\jvm.dll
0x00007fffac580000 - 0x00007fffac588000 	C:\Windows\System32\PSAPI.DLL
0x00007fff8e110000 - 0x00007fff8e119000 	C:\Windows\SYSTEM32\WSOCK32.dll
0x00007fffad3e0000 - 0x00007fffad44b000 	C:\Windows\System32\WS2_32.dll
0x00007fff9e6b0000 - 0x00007fff9e6d7000 	C:\Windows\SYSTEM32\WINMM.dll
0x00007fffa9ac0000 - 0x00007fffa9ad2000 	C:\Windows\SYSTEM32\kernel.appcore.dll
0x00007fff8c080000 - 0x00007fff8c08a000 	C:\Program Files\Java\jdk-17\bin\jimage.dll
0x00007fffa8b30000 - 0x00007fffa8d14000 	C:\Windows\SYSTEM32\DBGHELP.DLL
0x00007fff9f3e0000 - 0x00007fff9f414000 	C:\Windows\SYSTEM32\dbgcore.DLL
0x00007fffab8a0000 - 0x00007fffab922000 	C:\Windows\System32\bcryptPrimitives.dll
0x00007fff69be0000 - 0x00007fff69c05000 	C:\Program Files\Java\jdk-17\bin\java.dll
0x00007fff578d0000 - 0x00007fff579a7000 	C:\Program Files\Java\jdk-17\bin\jsvml.dll
0x00007fffac590000 - 0x00007fffaccd4000 	C:\Windows\System32\SHELL32.dll
0x00007fffa9310000 - 0x00007fffa9aa3000 	C:\Windows\SYSTEM32\windows.storage.dll
0x00007fffad530000 - 0x00007fffad884000 	C:\Windows\System32\combase.dll
0x00007fffaac30000 - 0x00007fffaac5e000 	C:\Windows\SYSTEM32\Wldp.dll
0x00007fffac4d0000 - 0x00007fffac57d000 	C:\Windows\System32\SHCORE.dll
0x00007fffacce0000 - 0x00007fffacd35000 	C:\Windows\System32\shlwapi.dll
0x00007fffab1f0000 - 0x00007fffab20f000 	C:\Windows\SYSTEM32\profapi.dll
0x00007fff6cf70000 - 0x00007fff6cf89000 	C:\Program Files\Java\jdk-17\bin\net.dll
0x00007fffa5e50000 - 0x00007fffa5f5a000 	C:\Windows\SYSTEM32\WINHTTP.dll
0x00007fffaaa10000 - 0x00007fffaaa7a000 	C:\Windows\system32\mswsock.dll
0x00007fff6c8f0000 - 0x00007fff6c906000 	C:\Program Files\Java\jdk-17\bin\nio.dll
0x00007fff6c410000 - 0x00007fff6c428000 	C:\Program Files\Java\jdk-17\bin\zip.dll
0x00007fff967e0000 - 0x00007fff967ea000 	C:\Program Files\Java\jdk-17\bin\management.dll
0x00007fff922d0000 - 0x00007fff922db000 	C:\Program Files\Java\jdk-17\bin\management_ext.dll
0x00007fffaac70000 - 0x00007fffaac88000 	C:\Windows\SYSTEM32\CRYPTSP.dll
0x00007fffaa2e0000 - 0x00007fffaa314000 	C:\Windows\system32\rsaenh.dll
0x00007fffab320000 - 0x00007fffab347000 	C:\Windows\System32\bcrypt.dll
0x00007fffab170000 - 0x00007fffab19e000 	C:\Windows\SYSTEM32\USERENV.dll
0x00007fffaaba0000 - 0x00007fffaabac000 	C:\Windows\SYSTEM32\CRYPTBASE.dll
0x00007fffaa6d0000 - 0x00007fffaa70c000 	C:\Windows\SYSTEM32\IPHLPAPI.DLL
0x00007fffadb80000 - 0x00007fffadb88000 	C:\Windows\System32\NSI.dll
0x00007fffa4a10000 - 0x00007fffa4a27000 	C:\Windows\SYSTEM32\dhcpcsvc6.DLL
0x00007fffa4a90000 - 0x00007fffa4aad000 	C:\Windows\SYSTEM32\dhcpcsvc.DLL
0x00007fffaa710000 - 0x00007fffaa7db000 	C:\Windows\SYSTEM32\DNSAPI.dll
0x00007fff881b0000 - 0x00007fff881c0000 	C:\Program Files\Java\jdk-17\bin\verify.dll
0x00007fffa4a60000 - 0x00007fffa4a6a000 	C:\Windows\System32\rasadhlp.dll
0x00007fffa47e0000 - 0x00007fffa4862000 	C:\Windows\System32\fwpuclnt.dll
0x00007fff844d0000 - 0x00007fff844dd000 	C:\Program Files\Java\jdk-17\bin\sunmscapi.dll
0x00007fffab650000 - 0x00007fffab7ae000 	C:\Windows\System32\CRYPT32.dll
0x00007fffaad60000 - 0x00007fffaad88000 	C:\Windows\SYSTEM32\ncrypt.dll
0x00007fffaace0000 - 0x00007fffaad1b000 	C:\Windows\SYSTEM32\NTASN1.dll

dbghelp: loaded successfully - version: 4.0.5 - missing functions: none
symbol engine: initialized successfully - sym options: 0x614 - pdb path: .;C:\Program Files\Java\jdk-17\bin;C:\Windows\SYSTEM32;C:\Windows\WinSxS\amd64_microsoft.windows.common-controls_6595b64144ccf1df_6.0.19041.1110_none_60b5254171f9507e;C:\Program Files\Java\jdk-17\bin\server

VM Arguments:
java_command: C:\Users\SDD-USER\AppData\Local\Temp\surefire17313020134830734684\surefirebooter-20230526134139007_3.jar C:\Users\SDD-USER\AppData\Local\Temp\surefire17313020134830734684 2023-05-26T13-41-38_809-jvmRun1 surefire-20230526134139007_1tmp surefire_0-20230526134139007_2tmp
java_class_path (initial): C:\Users\SDD-USER\AppData\Local\Temp\surefire17313020134830734684\surefirebooter-20230526134139007_3.jar
Launcher Type: SUN_STANDARD

[Global flags]
     intx CICompilerCount                          = 4                                         {product} {ergonomic}
     uint ConcGCThreads                            = 2                                         {product} {ergonomic}
     uint G1ConcRefinementThreads                  = 8                                         {product} {ergonomic}
   size_t G1HeapRegionSize                         = 1048576                                   {product} {ergonomic}
    uintx GCDrainStackTargetSize                   = 64                                        {product} {ergonomic}
   size_t InitialHeapSize                          = 132120576                                 {product} {ergonomic}
   size_t MarkStackSize                            = 4194304                                   {product} {ergonomic}
   size_t MaxHeapSize                              = 2095054848                                {product} {ergonomic}
   size_t MaxNewSize                               = 1256194048                                {product} {ergonomic}
   size_t MinHeapDeltaBytes                        = 1048576                                   {product} {ergonomic}
   size_t MinHeapSize                              = 8388608                                   {product} {ergonomic}
    uintx NonNMethodCodeHeapSize                   = 5839372                                {pd product} {ergonomic}
    uintx NonProfiledCodeHeapSize                  = 122909434                              {pd product} {ergonomic}
    uintx ProfiledCodeHeapSize                     = 122909434                              {pd product} {ergonomic}
    uintx ReservedCodeCacheSize                    = 251658240                              {pd product} {ergonomic}
     bool SegmentedCodeCache                       = true                                      {product} {ergonomic}
   size_t SoftMaxHeapSize                          = 2095054848                             {manageable} {ergonomic}
     bool UseCompressedClassPointers               = true                           {product lp64_product} {ergonomic}
     bool UseCompressedOops                        = true                           {product lp64_product} {ergonomic}
     bool UseG1GC                                  = true                                      {product} {ergonomic}
     bool UseLargePagesIndividualAllocation        = false                                  {pd product} {ergonomic}

Logging:
Log output configuration:
 #0: stdout all=warning uptime,level,tags
 #1: stderr all=off uptime,level,tags

Environment Variables:
JAVA_HOME=C:\Program Files\Java\jdk-17
PATH=C:\Program Files\Common Files\Oracle\Java\javapath;C:\Windows\system32;C:\Windows;C:\Windows\System32\Wbem;C:\Windows\System32\WindowsPowerShell\v1.0\;C:\Windows\System32\OpenSSH\;C:\Program Files\TortoiseSVN\bin;C:\Program Files\Git\cmd;C:\Program Files\Git\bin\git.exe;C:\Program Files\Docker\Docker\resources\bin;C:\MAVEN-BIN\apache-maven-3.9.2\bin;C:\Program Files\NVIDIA Corporation\NVIDIA NvDLISR;C:\Program Files\PuTTY\;C:\xampp\php;C:\Program Files\MySQL\MySQL Server 8.0;C:\Users\SDD-USER\AppData\Local\Microsoft\WindowsApps;C:\Users\ASUS\AppData\Local\Android\Sdk;C:\Tools\flutter\bin;C:\Users\SDD-USER\AppData\Local\Programs\Microsoft VS Code\bin;C:\Program Files\Git\bin\git.exe;
USERNAME=SDD-USER
OS=Windows_NT
PROCESSOR_IDENTIFIER=Intel64 Family 6 Model 140 Stepping 1, GenuineIntel



---------------  S Y S T E M  ---------------

OS:
 Windows 10 , 64 bit Build 19041 (10.0.19041.2913)
OS uptime: 2 days 0:33 hours
Hyper-V role detected

CPU: total 8 (initial active 8) (4 cores per cpu, 2 threads per core) family 6 model 140 stepping 1 microcode 0x8a, cx8, cmov, fxsr, ht, mmx, 3dnowpref, sse, sse2, sse3, ssse3, sse4.1, sse4.2, popcnt, lzcnt, tsc, tscinvbit, avx, avx2, aes, erms, clmul, bmi1, bmi2, adx, avx512f, avx512dq, avx512cd, avx512bw, avx512vl, sha, fma, vzeroupper, avx512_vpopcntdq, avx512_vpclmulqdq, avx512_vaes, avx512_vnni, clflush, clflushopt, clwb, avx512_vbmi2, avx512_vbmi, hv

Memory: 4k page, system-wide physical 7991M (78M free)
TotalPageFile size 32567M (AvailPageFile size 21M)
current process WorkingSet (physical memory assigned to process): 229M, peak: 233M
current process commit charge ("private bytes"): 272M, peak: 274M

vm_info: Java HotSpot(TM) 64-Bit Server VM (17.0.7+8-LTS-224) for windows-amd64 JRE (17.0.7+8-LTS-224), built on Feb 28 2023 23:03:02 by "mach5one" with MS VC++ 17.1 (VS2022)

END.
